<?xml version="1.0" encoding="UTF-8"?>
<!-- Generated by org.testng.reporters.JUnitReportReporter -->
<testsuite hostname="DESKTOP-K3IA9PI" failures="0" tests="1" name="TC001_DemoGETRequest" time="3.015" errors="0" timestamp="28 Jan 2021 11:27:03 GMT" skipped="0">
  <testcase classname="TC001_DemoGETRequest" name="GetweatherDetails" time="3.015"/>
</testsuite> <!-- TC001_DemoGETRequest -->
