<?xml version="1.0" encoding="UTF-8"?>
<!-- Generated by org.testng.reporters.JUnitReportReporter -->
<testsuite hostname="DESKTOP-K3IA9PI" failures="0" tests="1" name="TC005_GetVerifyNestedvalues" time="3.333" errors="0" timestamp="29 Jan 2021 11:34:36 GMT" skipped="0">
  <testcase classname="TC005_GetVerifyNestedvalues" name="GetNestedValuesVerification" time="3.333"/>
</testsuite> <!-- TC005_GetVerifyNestedvalues -->
